<?xml version="1.0" encoding="UTF-8"?>
<!-- Generated by org.testng.reporters.JUnitReportReporter -->
<testsuite hostname="HenTryRAj-PC" name="jdbcdemo.SampleProgram1" tests="1" failures="0" timestamp="21 Jan 2020 09:22:46 GMT" time="0.258" errors="0">
  <testcase name="sampleTest" time="0.258" classname="jdbcdemo.SampleProgram1"/>
</testsuite> <!-- jdbcdemo.SampleProgram1 -->
