<?xml version="1.0" encoding="UTF-8"?>
<!-- Generated by org.testng.reporters.JUnitReportReporter -->
<testsuite hostname="HenTryRAj-PC" name="jdbcdemo.SampleProgram2" tests="1" failures="0" timestamp="21 Jan 2020 10:36:15 GMT" time="0.395" errors="0">
  <testcase name="sampleTest" time="0.395" classname="jdbcdemo.SampleProgram2"/>
</testsuite> <!-- jdbcdemo.SampleProgram2 -->
